[02:41:47] [ServerMain/INFO]: [bootstrap] Running Java 21 (OpenJDK 64-Bit Server VM 21.0.5+11-Ubuntu-1ubuntu120.04; Ubuntu null) on Linux 6.5.0-1025-azure (amd64)
[02:41:47] [ServerMain/INFO]: [bootstrap] Loading Paper 1.21.1-57-master@b483da4 (2024-09-01T18:09:05Z) for Minecraft 1.21.1
[02:41:47] [ServerMain/INFO]: [PluginInitializerManager] Initializing plugins...
[02:41:47] [ServerMain/INFO]: [PluginInitializerManager] Initialized 1 plugin
[02:41:47] [ServerMain/INFO]: [PluginInitializerManager] Bukkit plugins (1):
 - SkinsRestorer (15.5.2)
[02:41:53] [ServerMain/INFO]: Environment: Environment[sessionHost=https://sessionserver.mojang.com, servicesHost=https://api.minecraftservices.com, name=PROD]
[02:41:55] [ServerMain/INFO]: Loaded 1290 recipes
[02:41:56] [ServerMain/INFO]: Loaded 1399 advancements
[02:41:56] [Server thread/INFO]: Starting minecraft server version 1.21.1
[02:41:56] [Server thread/INFO]: Loading properties
[02:41:56] [Server thread/INFO]: This server is running Paper version 1.21.1-57-master@b483da4 (2024-09-01T18:09:05Z) (Implementing API version 1.21.1-R0.1-SNAPSHOT)
[02:41:57] [Server thread/INFO]: [spark] This server bundles the spark profiler. For more information please visit https://docs.papermc.io/paper/profiling
[02:41:57] [Server thread/INFO]: Server Ping Player Sample Count: 12
[02:41:57] [Server thread/INFO]: Using 4 threads for Netty based IO
[02:41:58] [Server thread/INFO]: [ChunkTaskScheduler] Chunk system is using 1 I/O threads, 1 worker threads, and population gen parallelism of 1 threads
[02:41:59] [Server thread/INFO]: Default game type: SURVIVAL
[02:41:59] [Server thread/INFO]: Generating keypair
[02:41:59] [Server thread/INFO]: Starting Minecraft server on *:25565
[02:41:59] [Server thread/INFO]: Using epoll channel type
[02:41:59] [Server thread/INFO]: Paper: Using libdeflate (Linux x86_64) compression from Velocity.
[02:41:59] [Server thread/INFO]: Paper: Using OpenSSL 1.1.x (Linux x86_64) cipher from Velocity.
[02:41:59] [Server thread/INFO]: [SkinsRestorer] Loading server plugin SkinsRestorer v15.5.2
[02:41:59] [Server thread/INFO]: Server permissions file permissions.yml is empty, ignoring it
[02:41:59] [Server thread/INFO]: [SkinsRestorer] Enabling SkinsRestorer v15.5.2
[02:42:00] [Server thread/WARN]: [SkinsRestorer] You must agree to the rules at 'commands.perSkinPermissionsConsent' in the config to use per skin permissions.
[02:42:02] [Server thread/INFO]: [SkinsRestorer] Running on Minecraft 1.21.1.
[02:42:04] [Server thread/INFO]: [SkinsRestorer] Using paper join listener!
[02:42:04] [Server thread/WARN]: **** SERVER IS RUNNING IN OFFLINE/INSECURE MODE!
[02:42:04] [Server thread/WARN]: The server will make no attempt to authenticate usernames. Beware.
[02:42:04] [Server thread/WARN]: While this makes the game possible to play without internet access, it also opens up the ability for hackers to connect with any username they choose.
[02:42:04] [Server thread/WARN]: To change this, set "online-mode" to "true" in the server.properties file.
[02:42:04] [Server thread/INFO]: Preparing level "world"
[02:42:05] [Folia Async Scheduler Thread #1/INFO]: [SkinsRestorer] ----------------------------------------------
[02:42:05] [Folia Async Scheduler Thread #1/INFO]: [SkinsRestorer]     +==================+
[02:42:05] [Folia Async Scheduler Thread #1/INFO]: [SkinsRestorer]     |   SkinsRestorer  |
[02:42:05] [Folia Async Scheduler Thread #1/INFO]: [SkinsRestorer]     |------------------|
[02:42:05] [Folia Async Scheduler Thread #1/INFO]: [SkinsRestorer]     |  Standalone Mode |
[02:42:05] [Folia Async Scheduler Thread #1/INFO]: [SkinsRestorer]     +==================+
[02:42:05] [Folia Async Scheduler Thread #1/INFO]: [SkinsRestorer] ----------------------------------------------
[02:42:05] [Folia Async Scheduler Thread #1/INFO]: [SkinsRestorer]     Version: 15.5.2
[02:42:05] [Folia Async Scheduler Thread #1/INFO]: [SkinsRestorer]     Commit: ae257f6
[02:42:05] [Folia Async Scheduler Thread #1/INFO]: [SkinsRestorer]     This is the latest version!
[02:42:05] [Folia Async Scheduler Thread #1/INFO]: [SkinsRestorer] ----------------------------------------------
[02:42:05] [Folia Async Scheduler Thread #1/INFO]: [SkinsRestorer] Do you have issues? Read our troubleshooting guide: https://skinsrestorer.net/docs/troubleshooting
[02:42:05] [Folia Async Scheduler Thread #1/INFO]: [SkinsRestorer] Want to support SkinsRestorer? Consider donating: https://skinsrestorer.net/donate
[02:42:05] [Server thread/INFO]: Preparing start region for dimension minecraft:overworld
[02:42:07] [Server thread/INFO]: Time elapsed: 2037 ms
[02:42:07] [Server thread/INFO]: Preparing start region for dimension minecraft:the_nether
[02:42:07] [Server thread/INFO]: Time elapsed: 280 ms
[02:42:07] [Server thread/INFO]: Preparing start region for dimension minecraft:the_end
[02:42:07] [Server thread/INFO]: Time elapsed: 186 ms
[02:42:08] [Server thread/INFO]: [spark] Starting background profiler...
[02:42:08] [Server thread/INFO]: Done preparing level "world" (4.175s)
[02:42:08] [Server thread/INFO]: Running delayed init tasks
[02:42:08] [Server thread/INFO]: Done (24.642s)! For help, type "help"
[02:42:08] [Server thread/INFO]: Timings Reset
[02:42:29] [User Authenticator #0/INFO]: UUID of player Alexboyx5551 is f3d42d48-fcb3-3478-9f79-71ef57f1a67d
[02:42:31] [Server thread/INFO]: Alexboyx5551 joined the game
[02:42:32] [Server thread/INFO]: Alexboyx5551[/[0:0:0:0:0:0:0:1%0]:37850] logged in with entity id 26 at ([world]-875.669564826667, -23.0, 910.3696982597164)
[02:44:51] [Server thread/INFO]: Alexboyx5551 lost connection: Timed out
[02:44:51] [Server thread/INFO]: Alexboyx5551 left the game
[02:46:48] [Server thread/INFO]: Stopping the server
[02:46:48] [Server thread/INFO]: Stopping server
[02:46:48] [Server thread/INFO]: [SkinsRestorer] Disabling SkinsRestorer v15.5.2
[02:46:48] [Server thread/INFO]: Saving players
[02:46:48] [Server thread/INFO]: Saving worlds
[02:46:48] [Server thread/INFO]: Saving chunks for level 'ServerLevel[world]'/minecraft:overworld
[02:46:48] [Server thread/INFO]: [ChunkHolderManager] Waiting 60s for chunk system to halt for world 'world'
[02:46:48] [Server thread/INFO]: [ChunkHolderManager] Halted chunk system for world 'world'
[02:46:48] [Server thread/INFO]: [ChunkHolderManager] Saving all chunkholders for world 'world'
[02:46:48] [Server thread/INFO]: [ChunkHolderManager] Saved 49 block chunks, 49 entity chunks, 0 poi chunks in world 'world' in 0.08s
[02:46:48] [Server thread/INFO]: Saving chunks for level 'ServerLevel[world_nether]'/minecraft:the_nether
[02:46:48] [Server thread/INFO]: [ChunkHolderManager] Waiting 60s for chunk system to halt for world 'world_nether'
[02:46:48] [Server thread/INFO]: [ChunkHolderManager] Halted chunk system for world 'world_nether'
[02:46:48] [Server thread/INFO]: [ChunkHolderManager] Saving all chunkholders for world 'world_nether'
[02:46:48] [Server thread/INFO]: [ChunkHolderManager] Saved 49 block chunks, 49 entity chunks, 0 poi chunks in world 'world_nether' in 0.06s
[02:46:48] [Server thread/INFO]: Saving chunks for level 'ServerLevel[world_the_end]'/minecraft:the_end
[02:46:48] [Server thread/INFO]: [ChunkHolderManager] Waiting 60s for chunk system to halt for world 'world_the_end'
[02:46:48] [Server thread/INFO]: [ChunkHolderManager] Halted chunk system for world 'world_the_end'
[02:46:48] [Server thread/INFO]: [ChunkHolderManager] Saving all chunkholders for world 'world_the_end'
[02:46:48] [Server thread/INFO]: [ChunkHolderManager] Saved 49 block chunks, 49 entity chunks, 0 poi chunks in world 'world_the_end' in 0.03s
[02:46:48] [Server thread/INFO]: ThreadedAnvilChunkStorage (world): All chunks are saved
[02:46:48] [Server thread/INFO]: ThreadedAnvilChunkStorage (DIM-1): All chunks are saved
[02:46:48] [Server thread/INFO]: ThreadedAnvilChunkStorage (DIM1): All chunks are saved
[02:46:48] [Server thread/INFO]: ThreadedAnvilChunkStorage: All dimensions are saved
